  LLPQ.cc
c:\users\allan\cisc220\lab3\LLPQ.hh(8): error C2143: syntax error: missing ';' before '*'
c:\users\allan\cisc220\lab3\LLPQ.hh(8): error C4430: missing type specifier - int assumed. Note: C++ does not support default-int
c:\users\allan\cisc220\lab3\LLPQ.hh(8): error C2238: unexpected token(s) preceding ';'
c:\users\allan\cisc220\lab3\LLPQ.hh(16): error C2143: syntax error: missing ';' before '*'
c:\users\allan\cisc220\lab3\LLPQ.hh(16): error C4430: missing type specifier - int assumed. Note: C++ does not support default-int
c:\users\allan\cisc220\lab3\LLPQ.hh(16): error C2238: unexpected token(s) preceding ';'
c:\users\allan\cisc220\lab3\LLPQ.hh(20): error C2061: syntax error: identifier 'LLNode'
c:\users\allan\cisc220\lab3\LLPQ.hh(21): error C2061: syntax error: identifier 'LLNode'
c:\users\allan\cisc220\lab3\LLPQ.hh(22): error C2143: syntax error: missing ';' before '}'
c:\users\allan\cisc220\lab3\LLPQ.hh(22): error C2535: 'void LLPQ::insertInOrder(void)': member function already defined or declared
  c:\users\allan\cisc220\lab3\LLPQ.hh(20): note: see declaration of 'LLPQ::insertInOrder'
c:\users\allan\cisc220\lab3\LLNode.hh(17): error C2146: syntax error: missing ':' before identifier 'LLNode'
c:\users\allan\cisc220\lab3\LLNode.hh(17): error C2238: unexpected token(s) preceding ';'
LLPQ.cc(11): error C2065: 'first': undeclared identifier
LLPQ.cc(21): error C2065: 'first': undeclared identifier
LLPQ.cc(21): error C2541: 'delete': cannot delete objects that are not pointers
LLPQ.cc(25): error C2065: 'first': undeclared identifier
LLPQ.cc(25): error C2227: left of '->next' must point to class/struct/union/generic type
  LLPQ.cc(25): note: type is 'unknown-type'
LLPQ.cc(35): error C2065: 'first': undeclared identifier
LLPQ.cc(43): error C2572: 'LLPQ::addFirst': redefinition of default argument: parameter 1
  c:\users\allan\cisc220\lab3\LLPQ.hh(14): note: see declaration of 'LLPQ::addFirst'
LLPQ.cc(44): error C2661: 'LLNode::LLNode': no overloaded function takes 2 arguments
LLPQ.cc(45): error C2065: 'first': undeclared identifier
LLPQ.cc(46): error C2065: 'last': undeclared identifier
LLPQ.cc(50): error C2572: 'LLPQ::addAtFirst': redefinition of default argument: parameter 1
  c:\users\allan\cisc220\lab3\LLPQ.hh(15): note: see declaration of 'LLPQ::addAtFirst'
LLPQ.cc(51): error C2661: 'LLNode::LLNode': no overloaded function takes 2 arguments
LLPQ.cc(52): error C2065: 'first': undeclared identifier
LLPQ.cc(53): error C2065: 'first': undeclared identifier
LLPQ.cc(53): error C2227: left of '->prev' must point to class/struct/union/generic type
  LLPQ.cc(53): note: type is 'unknown-type'
LLPQ.cc(54): error C2065: 'first': undeclared identifier
LLPQ.cc(58): error C2039: 'remFirst': is not a member of 'LLPQ'
  c:\users\allan\cisc220\lab3\LLPQ.hh(7): note: see declaration of 'LLPQ'
LLPQ.cc(59): error C2065: 'first': undeclared identifier
LLPQ.cc(60): error C2065: 'first': undeclared identifier
LLPQ.cc(60): error C2227: left of '->next' must point to class/struct/union/generic type
  LLPQ.cc(60): note: type is 'unknown-type'
LLPQ.cc(61): error C2065: 'first': undeclared identifier
LLPQ.cc(61): error C2227: left of '->prev' must point to class/struct/union/generic type
  LLPQ.cc(61): note: type is 'unknown-type'
LLPQ.cc(62): error C2065: 'first': undeclared identifier
LLPQ.cc(62): error C2227: left of '->prev' must point to class/struct/union/generic type
  LLPQ.cc(62): note: type is 'unknown-type'
LLPQ.cc(63): error C2563: mismatch in formal parameter list
LLPQ.cc(68): error C2065: 'first': undeclared identifier
LLPQ.cc(80): error C2065: 'first': undeclared identifier
LLPQ.cc(105): error C2065: 'first': undeclared identifier
LLPQ.cc(116): error C2511: 'void LLPQ::insertInOrder(LLNode *)': overloaded member function not found in 'LLPQ'
  c:\users\allan\cisc220\lab3\LLPQ.hh(7): note: see declaration of 'LLPQ'
LLPQ.cc(117): error C2065: 'first': undeclared identifier
LLPQ.cc(117): error C2227: left of '->count' must point to class/struct/union/generic type
  LLPQ.cc(117): note: type is 'unknown-type'
LLPQ.cc(118): error C2065: 'first': undeclared identifier
LLPQ.cc(119): error C2065: 'first': undeclared identifier
LLPQ.cc(119): error C2227: left of '->prev' must point to class/struct/union/generic type
  LLPQ.cc(119): note: type is 'unknown-type'
LLPQ.cc(120): error C2597: illegal reference to non-static member 'LLPQ::size'
LLPQ.cc(120): error C3867: 'LLPQ::size': non-standard syntax; use '&' to create a pointer to member
LLPQ.cc(120): error C2105: '++' needs l-value
LLPQ.cc(121): error C2065: 'first': undeclared identifier
LLPQ.cc(124): error C2065: 'first': undeclared identifier
LLPQ.cc(124): error C2227: left of '->next' must point to class/struct/union/generic type
  LLPQ.cc(124): note: type is 'unknown-type'
LLPQ.cc(131): error C2597: illegal reference to non-static member 'LLPQ::size'
LLPQ.cc(131): error C3867: 'LLPQ::size': non-standard syntax; use '&' to create a pointer to member
LLPQ.cc(131): error C2105: '++' needs l-value
LLPQ.cc(138): error C2597: illegal reference to non-static member 'LLPQ::size'
LLPQ.cc(138): error C3867: 'LLPQ::size': non-standard syntax; use '&' to create a pointer to member
LLPQ.cc(138): error C2105: '++' needs l-value
LLPQ.cc(139): error C2065: 'last': undeclared identifier
  LLNode.cc
c:\users\allan\cisc220\lab3\LLNode.hh(17): error C2146: syntax error: missing ':' before identifier 'LLNode'
c:\users\allan\cisc220\lab3\LLNode.hh(17): error C2238: unexpected token(s) preceding ';'
LLNode.cc(10): error C2511: 'LLNode::LLNode(char)': overloaded member function not found in 'LLNode'
  c:\users\allan\cisc220\lab3\LLNode.hh(7): note: see declaration of 'LLNode'
LLNode.cc(11): error C2597: illegal reference to non-static member 'LLNode::data'
LLNode.cc(12): error C2597: illegal reference to non-static member 'LLNode::code'
LLNode.cc(13): error C2597: illegal reference to non-static member 'LLNode::count'
LLNode.cc(14): error C2597: illegal reference to non-static member 'LLNode::next'
LLNode.cc(15): error C2597: illegal reference to non-static member 'LLNode::prev'
LLNode.cc(16): error C2597: illegal reference to non-static member 'LLNode::left'
LLNode.cc(17): error C2597: illegal reference to non-static member 'LLNode::right'
  Generating Code...
